21:22:33.859 [main]  INFO  com.zhweb.app.AppApplication - Starting AppApplication on EVE with PID 1328 (D:\ideaProject\zhweb\target\classes started by zh in D:\ideaProject\zhweb)
21:22:33.864 [main]  INFO  com.zhweb.app.AppApplication - No active profile set, falling back to default profiles: default
21:22:35.160 [main]  INFO  o.s.context.support.PostProcessorRegistrationDelegate$BeanPostProcessorChecker - Bean 'org.springframework.transaction.annotation.ProxyTransactionManagementConfiguration' of type [org.springframework.transaction.annotation.ProxyTransactionManagementConfiguration$$EnhancerBySpringCGLIB$$73f8c82d] is not eligible for getting processed by all BeanPostProcessors (for example: not eligible for auto-proxying)
21:22:35.503 [main]  INFO  org.springframework.boot.web.embedded.tomcat.TomcatWebServer - Tomcat initialized with port(s): 8081 (http)
21:22:35.515 [main]  INFO  org.apache.coyote.http11.Http11NioProtocol - Initializing ProtocolHandler ["http-nio-8081"]
21:22:35.524 [main]  INFO  org.apache.catalina.core.StandardService - Starting service [Tomcat]
21:22:35.524 [main]  INFO  org.apache.catalina.core.StandardEngine - Starting Servlet Engine: Apache Tomcat/9.0.13
21:22:35.532 [main]  INFO  org.apache.catalina.core.AprLifecycleListener - The APR based Apache Tomcat Native library which allows optimal performance in production environments was not found on the java.library.path: [C:\Program Files\Java\jdk1.8.0_131\bin;C:\WINDOWS\Sun\Java\bin;C:\WINDOWS\system32;C:\WINDOWS;C:\ProgramData\Oracle\Java\javapath;C:\Program Files (x86)\Intel\iCLS Client\;C:\Program Files\Intel\iCLS Client\;C:\Windows\system32;C:\Windows;C:\Windows\System32\Wbem;C:\Windows\System32\WindowsPowerShell\v1.0\;C:\Program Files (x86)\Intel\Intel(R) Management Engine Components\DAL;C:\Program Files\Intel\Intel(R) Management Engine Components\DAL;C:\Program Files (x86)\Intel\Intel(R) Management Engine Components\IPT;C:\Program Files\Intel\Intel(R) Management Engine Components\IPT;C:\Program Files (x86)\NVIDIA Corporation\PhysX\Common;C:\Program Files\nodejs\;C:\Program Files\Java\jdk1.8.0_131\bin;C:\Program Files (x86)\MySQL\MySQL Server 5.7\bin;C:\WINDOWS\system32;C:\WINDOWS;C:\WINDOWS\System32\Wbem;C:\WINDOWS\System32\WindowsPowerShell\v1.0\;D:\maven\apache-maven-3.5.3bin;D:\maven\apache-maven-3.5.3\bin;C:\WINDOWS\System32\OpenSSH\;D:\Git\cmd;D:\svn1.9\bin;C:\Users\zh\AppData\Local\Microsoft\WindowsApps;C:\Users\zh\AppData\Roaming\npm;;D:\Microsoft VS Code\bin;.]
21:22:35.662 [main]  INFO  org.apache.catalina.core.ContainerBase.[Tomcat].[localhost].[/] - Initializing Spring embedded WebApplicationContext
21:22:35.662 [main]  INFO  org.springframework.web.context.ContextLoader - Root WebApplicationContext: initialization completed in 1724 ms
21:22:35.936 [main]  INFO  com.alibaba.druid.pool.DruidDataSource - {dataSource-1} inited
21:22:36.658 [main]  INFO  springfox.documentation.spring.web.PropertySourcedRequestMappingHandlerMapping - Mapped URL path [/v2/api-docs] onto method [public org.springframework.http.ResponseEntity<springfox.documentation.spring.web.json.Json> springfox.documentation.swagger2.web.Swagger2Controller.getDocumentation(java.lang.String,javax.servlet.http.HttpServletRequest)]
21:22:36.782 [main]  INFO  org.springframework.scheduling.concurrent.ThreadPoolTaskExecutor - Initializing ExecutorService 'applicationTaskExecutor'
21:22:36.981 [main]  INFO  springfox.documentation.spring.web.plugins.DocumentationPluginsBootstrapper - Context refreshed
21:22:37.002 [main]  INFO  springfox.documentation.spring.web.plugins.DocumentationPluginsBootstrapper - Found 1 custom documentation plugin(s)
21:22:37.037 [main]  INFO  springfox.documentation.spring.web.scanners.ApiListingReferenceScanner - Scanning for api listing references
21:22:37.186 [main]  INFO  org.apache.coyote.http11.Http11NioProtocol - Starting ProtocolHandler ["http-nio-8081"]
21:22:37.206 [main]  INFO  org.apache.tomcat.util.net.NioSelectorPool - Using a shared selector for servlet write/read
21:22:37.229 [main]  INFO  org.springframework.boot.web.embedded.tomcat.TomcatWebServer - Tomcat started on port(s): 8081 (http) with context path ''
21:22:37.234 [main]  INFO  com.zhweb.app.AppApplication - Started AppApplication in 3.998 seconds (JVM running for 6.148)
21:23:24.367 [http-nio-8081-exec-1] INFO  org.apache.catalina.core.ContainerBase.[Tomcat].[localhost].[/] - Initializing Spring DispatcherServlet 'dispatcherServlet'
21:23:24.368 [http-nio-8081-exec-1] INFO  org.springframework.web.servlet.DispatcherServlet - Initializing Servlet 'dispatcherServlet'
21:23:24.381 [http-nio-8081-exec-1] INFO  org.springframework.web.servlet.DispatcherServlet - Completed initialization in 13 ms
21:23:28.050 [http-nio-8081-exec-5] INFO  com.zhweb.controller.MMovieController - 这里是hello的方法
21:23:29.276 [http-nio-8081-exec-6] INFO  com.zhweb.controller.MMovieController - 这里是hello的方法
